2025-03-13 15:47:39,758 INFO Starting CsvToDbBatchApplication using Java 21.0.5 with PID 19048 (C:\Application\git\csv_to_db_batch\target\classes started by user in C:\Application\git\csv_to_db_batch) 
2025-03-13 15:47:39,759 INFO No active profile set, falling back to 1 default profile: "default" 
2025-03-13 15:47:40,196 INFO Bootstrapping Spring Data JDBC repositories in DEFAULT mode. 
2025-03-13 15:47:40,213 INFO Finished Spring Data repository scanning in 12 ms. Found 0 JDBC repository interfaces. 
2025-03-13 15:47:40,515 INFO HikariPool-1 - Starting... 
2025-03-13 15:47:40,897 INFO HikariPool-1 - Added connection com.mysql.cj.jdbc.ConnectionImpl@e111c7c 
2025-03-13 15:47:40,912 INFO HikariPool-1 - Start completed. 
2025-03-13 15:47:41,833 INFO Started CsvToDbBatchApplication in 2.422 seconds (process running for 3.318) 
2025-03-13 15:47:41,836 INFO Running default command line with: [] 
2025-03-13 15:47:41,926 INFO Job: [SimpleJob: [name=chunkJob]] launched with the following parameters: [{'run.id':'{value=1, type=class java.lang.Long, identifying=true}'}] 
2025-03-13 15:47:41,960 INFO Executing step: [EmpImportStep1] 
2025-03-13 15:47:42,002 INFO Processing... Employee(empNumber=5000, empName=山田　太郎, jobTitle=manager, mgrNumber=5003, hireDate=Mon Jan 01 00:00:00 JST 2001) 
2025-03-13 15:47:42,014 ERROR Encountered an error executing step EmpImportStep1 in job chunkJob 
java.lang.NullPointerException: Cannot invoke "org.springframework.batch.item.database.ItemPreparedStatementSetter.setValues(Object, java.sql.PreparedStatement)" because "this.itemPreparedStatementSetter" is null
	at org.springframework.batch.item.database.JdbcBatchItemWriter.lambda$write$0(JdbcBatchItemWriter.java:189)
	at org.springframework.jdbc.core.JdbcTemplate.execute(JdbcTemplate.java:658)
	at org.springframework.jdbc.core.JdbcTemplate.execute(JdbcTemplate.java:701)
	at org.springframework.batch.item.database.JdbcBatchItemWriter.write(JdbcBatchItemWriter.java:187)
	at org.springframework.batch.core.step.item.SimpleChunkProcessor.writeItems(SimpleChunkProcessor.java:203)
	at org.springframework.batch.core.step.item.SimpleChunkProcessor.doWrite(SimpleChunkProcessor.java:170)
	at org.springframework.batch.core.step.item.SimpleChunkProcessor.write(SimpleChunkProcessor.java:297)
	at org.springframework.batch.core.step.item.SimpleChunkProcessor.process(SimpleChunkProcessor.java:227)
	at org.springframework.batch.core.step.item.ChunkOrientedTasklet.execute(ChunkOrientedTasklet.java:75)
	at org.springframework.batch.core.step.tasklet.TaskletStep$ChunkTransactionCallback.doInTransaction(TaskletStep.java:383)
	at org.springframework.batch.core.step.tasklet.TaskletStep$ChunkTransactionCallback.doInTransaction(TaskletStep.java:307)
	at org.springframework.transaction.support.TransactionTemplate.execute(TransactionTemplate.java:140)
	at org.springframework.batch.core.step.tasklet.TaskletStep$2.doInChunkContext(TaskletStep.java:250)
	at org.springframework.batch.core.scope.context.StepContextRepeatCallback.doInIteration(StepContextRepeatCallback.java:82)
	at org.springframework.batch.repeat.support.RepeatTemplate.getNextResult(RepeatTemplate.java:369)
	at org.springframework.batch.repeat.support.RepeatTemplate.executeInternal(RepeatTemplate.java:206)
	at org.springframework.batch.repeat.support.RepeatTemplate.iterate(RepeatTemplate.java:140)
	at org.springframework.batch.core.step.tasklet.TaskletStep.doExecute(TaskletStep.java:235)
	at org.springframework.batch.core.step.AbstractStep.execute(AbstractStep.java:230)
	at org.springframework.batch.core.job.SimpleStepHandler.handleStep(SimpleStepHandler.java:153)
	at org.springframework.batch.core.job.AbstractJob.handleStep(AbstractJob.java:408)
	at org.springframework.batch.core.job.SimpleJob.doExecute(SimpleJob.java:127)
	at org.springframework.batch.core.job.AbstractJob.execute(AbstractJob.java:307)
	at org.springframework.batch.core.launch.support.TaskExecutorJobLauncher$1.run(TaskExecutorJobLauncher.java:155)
	at org.springframework.core.task.SyncTaskExecutor.execute(SyncTaskExecutor.java:50)
	at org.springframework.batch.core.launch.support.TaskExecutorJobLauncher.run(TaskExecutorJobLauncher.java:146)
	at org.springframework.boot.autoconfigure.batch.JobLauncherApplicationRunner.execute(JobLauncherApplicationRunner.java:210)
	at org.springframework.boot.autoconfigure.batch.JobLauncherApplicationRunner.executeLocalJobs(JobLauncherApplicationRunner.java:194)
	at org.springframework.boot.autoconfigure.batch.JobLauncherApplicationRunner.launchJobFromProperties(JobLauncherApplicationRunner.java:174)
	at org.springframework.boot.autoconfigure.batch.JobLauncherApplicationRunner.run(JobLauncherApplicationRunner.java:169)
	at org.springframework.boot.autoconfigure.batch.JobLauncherApplicationRunner.run(JobLauncherApplicationRunner.java:164)
	at org.springframework.boot.SpringApplication.lambda$callRunner$4(SpringApplication.java:784)
	at org.springframework.util.function.ThrowingConsumer$1.acceptWithException(ThrowingConsumer.java:82)
	at org.springframework.util.function.ThrowingConsumer.accept(ThrowingConsumer.java:60)
	at org.springframework.util.function.ThrowingConsumer$1.accept(ThrowingConsumer.java:86)
	at org.springframework.boot.SpringApplication.callRunner(SpringApplication.java:796)
	at org.springframework.boot.SpringApplication.callRunner(SpringApplication.java:784)
	at org.springframework.boot.SpringApplication.lambda$callRunners$3(SpringApplication.java:772)
	at java.base/java.util.stream.ForEachOps$ForEachOp$OfRef.accept(ForEachOps.java:184)
	at java.base/java.util.stream.SortedOps$SizedRefSortingSink.end(SortedOps.java:357)
	at java.base/java.util.stream.AbstractPipeline.copyInto(AbstractPipeline.java:510)
	at java.base/java.util.stream.AbstractPipeline.wrapAndCopyInto(AbstractPipeline.java:499)
	at java.base/java.util.stream.ForEachOps$ForEachOp.evaluateSequential(ForEachOps.java:151)
	at java.base/java.util.stream.ForEachOps$ForEachOp$OfRef.evaluateSequential(ForEachOps.java:174)
	at java.base/java.util.stream.AbstractPipeline.evaluate(AbstractPipeline.java:234)
	at java.base/java.util.stream.ReferencePipeline.forEach(ReferencePipeline.java:596)
	at org.springframework.boot.SpringApplication.callRunners(SpringApplication.java:772)
	at org.springframework.boot.SpringApplication.run(SpringApplication.java:325)
	at org.springframework.boot.SpringApplication.run(SpringApplication.java:1361)
	at org.springframework.boot.SpringApplication.run(SpringApplication.java:1350)
	at com.udemy.ex.CsvToDbBatchApplication.main(CsvToDbBatchApplication.java:10)
2025-03-13 15:47:42,016 INFO Step: [EmpImportStep1] executed in 54ms 
2025-03-13 15:47:42,037 INFO Job: [SimpleJob: [name=chunkJob]] completed with the following parameters: [{'run.id':'{value=1, type=class java.lang.Long, identifying=true}'}] and the following status: [FAILED] in 93ms 
2025-03-13 15:47:42,042 INFO HikariPool-1 - Shutdown initiated... 
2025-03-13 15:47:42,051 INFO HikariPool-1 - Shutdown completed. 
2025-03-13 15:53:24,310 INFO Starting CsvToDbBatchApplication using Java 21.0.5 with PID 25536 (C:\Application\git\csv_to_db_batch\target\classes started by user in C:\Application\git\csv_to_db_batch) 
2025-03-13 15:53:24,311 INFO No active profile set, falling back to 1 default profile: "default" 
2025-03-13 15:53:24,745 INFO Bootstrapping Spring Data JDBC repositories in DEFAULT mode. 
2025-03-13 15:53:24,761 INFO Finished Spring Data repository scanning in 11 ms. Found 0 JDBC repository interfaces. 
2025-03-13 15:53:25,050 INFO HikariPool-1 - Starting... 
2025-03-13 15:53:25,430 INFO HikariPool-1 - Added connection com.mysql.cj.jdbc.ConnectionImpl@e111c7c 
2025-03-13 15:53:25,432 INFO HikariPool-1 - Start completed. 
2025-03-13 15:53:26,375 INFO Started CsvToDbBatchApplication in 2.418 seconds (process running for 3.247) 
2025-03-13 15:53:26,379 INFO Running default command line with: [] 
2025-03-13 15:53:26,487 INFO Job: [SimpleJob: [name=chunkJob]] launched with the following parameters: [{'run.id':'{value=2, type=class java.lang.Long, identifying=true}'}] 
2025-03-13 15:53:26,518 INFO Executing step: [EmpImportStep1] 
2025-03-13 15:53:26,555 INFO Processing... Employee(empNumber=5000, empName=山田　太郎, jobTitle=manager, mgrNumber=5003, hireDate=Mon Jan 01 00:00:00 JST 2001) 
2025-03-13 15:53:26,581 INFO Processing... Employee(empNumber=5001, empName=佐藤　二郎, jobTitle=salesman, mgrNumber=5000, hireDate=Thu May 02 00:00:00 JST 2002) 
2025-03-13 15:53:26,589 INFO Processing... Employee(empNumber=5002, empName=田中　三郎, jobTitle=associate, mgrNumber=5001, hireDate=Mon Sep 20 00:00:00 JST 2010) 
2025-03-13 15:53:26,600 INFO Processing... Employee(empNumber=5003, empName=鈴木　一郎, jobTitle=srmgr, mgrNumber=null, hireDate=Wed Jan 01 00:00:00 JST 2020) 
2025-03-13 15:53:26,614 INFO Step: [EmpImportStep1] executed in 94ms 
2025-03-13 15:53:26,634 INFO Job: [SimpleJob: [name=chunkJob]] completed with the following parameters: [{'run.id':'{value=2, type=class java.lang.Long, identifying=true}'}] and the following status: [COMPLETED] in 129ms 
2025-03-13 15:53:26,640 INFO HikariPool-1 - Shutdown initiated... 
2025-03-13 15:53:26,660 INFO HikariPool-1 - Shutdown completed. 
